Arguments: 
  /usr/local/node/bin/node /mnt/c/Users/Administrator/AppData/Roaming/npm/node_modules/yarn/bin/yarn.js

PATH: 
  /root/.vscode-server/bin/6cba118ac49a1b88332f312a8f67186f7f3c1643/bin:/usr/local/sbin:/usr/local/bin:/usr/sbin:/usr/bin:/sbin:/bin:/usr/games:/usr/local/games:/mnt/c/Python39/Scripts/:/mnt/c/Python39/:/mnt/c/ProgramData/Oracle/Java/javapath:/mnt/c/Windows/system32:/mnt/c/Windows:/mnt/c/Windows/System32/Wbem:/mnt/c/Windows/System32/WindowsPowerShell/v1.0/:/mnt/c/Windows/System32/OpenSSH/:/mnt/c/Users/Administrator/AppData/Roaming/nvm:/mnt/c/Program Files/nodejs:/mnt/c/Program Files/Git/cmd:/mnt/c/Program Files/PuTTY/:/mnt/c/Program Files/nodejs/:/mnt/c/ProgramData/chocolatey/bin:/mnt/c/Program Files/Go/bin:/mnt/c/Program Files/Docker/Docker/resources/bin:/mnt/c/ProgramData/DockerDesktop/version-bin:/mnt/c/Users/Administrator/AppData/Local/Microsoft/WindowsApps:/mnt/c/Users/Administrator/AppData/Roaming/nvm:/mnt/c/Program Files/nodejs:/mnt/c/Program Files/Bandizip/:/mnt/c/Program Files/JetBrains/WebStorm 2020.1.3/bin:/mnt/c/Users/Administrator/AppData/Roaming/npm:/mnt/c/Users/Administrator/go/bin:/mnt/c/Users/Administrator/AppData/Local/Programs/Microsoft VS Code/bin:/mnt/c/Program Files/Java/jdk1.8.0_152/bin:/mnt/c/Program Files/Java/jdk1.8.0_152/jre/bin:/snap/bin

Yarn version: 
  1.22.10

Node version: 
  16.5.0

Platform: 
  linux x64

Trace: 
  Error: getaddrinfo EAI_AGAIN mirrors.huaweicloud.com
      at GetAddrInfoReqWrap.onlookup [as oncomplete] (node:dns:71:26)

npm manifest: 
  {
    "name": "singleton-typescript",
    "version": "0.0.0",
    "scripts": {
      "dev": "vite",
      "build": "tsc && vite build",
      "serve": "vite preview"
    },
    "devDependencies": {
      "typescript": "^4.3.2",
      "vite": "^2.6.4"
    }
  }

yarn manifest: 
  No manifest

Lockfile: 
  No lockfile
